<?xml version="1.0" encoding="UTF-8"?>
<testsuite name="snake.basic.WrapAroundTests" tests="4" skipped="0" failures="0" errors="0" timestamp="2023-09-16T14:12:24" hostname="Svens-MacBook-Air.local" time="0.007">
  <properties/>
  <testcase name="testWrapAroundEast" classname="snake.basic.WrapAroundTests" time="0.002"/>
  <testcase name="testWrapAroundSouth" classname="snake.basic.WrapAroundTests" time="0.002"/>
  <testcase name="testWrapAroundNorth" classname="snake.basic.WrapAroundTests" time="0.001"/>
  <testcase name="testWrapAroundWest" classname="snake.basic.WrapAroundTests" time="0.001"/>
  <system-out><![CDATA[]]></system-out>
  <system-err><![CDATA[]]></system-err>
</testsuite>
