<?xml version="1.0" encoding="UTF-8"?>
<testsuite name="snake.basic.GrowthTests" tests="2" skipped="0" failures="0" errors="0" timestamp="2023-09-16T14:12:24" hostname="Svens-MacBook-Air.local" time="0.006">
  <properties/>
  <testcase name="testGrow" classname="snake.basic.GrowthTests" time="0.002"/>
  <testcase name="testGrowTwice" classname="snake.basic.GrowthTests" time="0.003"/>
  <system-out><![CDATA[]]></system-out>
  <system-err><![CDATA[]]></system-err>
</testsuite>
