<?xml version="1.0" encoding="UTF-8"?>
<testsuite name="snake.basic.MovementTests" tests="5" skipped="0" failures="0" errors="0" timestamp="2023-09-16T14:12:24" hostname="Svens-MacBook-Air.local" time="0.011">
  <properties/>
  <testcase name="testMove" classname="snake.basic.MovementTests" time="0.002"/>
  <testcase name="testChangeDirs" classname="snake.basic.MovementTests" time="0.004"/>
  <testcase name="testIgnoreEatHead" classname="snake.basic.MovementTests" time="0.002"/>
  <testcase name="testQuickSwitch" classname="snake.basic.MovementTests" time="0.002"/>
  <testcase name="testQuickSwitch2" classname="snake.basic.MovementTests" time="0.001"/>
  <system-out><![CDATA[]]></system-out>
  <system-err><![CDATA[]]></system-err>
</testsuite>
