<?xml version="1.0" encoding="UTF-8"?>
<testsuite name="snake.reverse.ReverseTests" tests="5" skipped="0" failures="0" errors="0" timestamp="2023-09-23T11:07:23" hostname="Svens-MacBook-Air.local" time="0.01">
  <properties/>
  <testcase name="testReverseSimple" classname="snake.reverse.ReverseTests" time="0.001"/>
  <testcase name="testReversePastStart" classname="snake.reverse.ReverseTests" time="0.001"/>
  <testcase name="testReverseGameOver" classname="snake.reverse.ReverseTests" time="0.001"/>
  <testcase name="testChangeThePast" classname="snake.reverse.ReverseTests" time="0.001"/>
  <testcase name="testReverseLong" classname="snake.reverse.ReverseTests" time="0.006"/>
  <system-out><![CDATA[]]></system-out>
  <system-err><![CDATA[]]></system-err>
</testsuite>
